[debug] [2024-07-10T10:02:40.532Z] ----------------------------------------------------------------------
[debug] [2024-07-10T10:02:40.538Z] Command:       C:\Program Files\nodejs\node.exe C:\Users\MELIH\AppData\Roaming\npm\node_modules\firebase-tools\lib\bin\firebase.js deploy
[debug] [2024-07-10T10:02:40.539Z] CLI Version:   13.13.1
[debug] [2024-07-10T10:02:40.540Z] Platform:      win32
[debug] [2024-07-10T10:02:40.540Z] Node Version:  v20.15.0
[debug] [2024-07-10T10:02:40.540Z] Time:          Wed Jul 10 2024 13:02:40 GMT+0300 (GMT+03:00)
[debug] [2024-07-10T10:02:40.541Z] ----------------------------------------------------------------------
[debug] 
[debug] [2024-07-10T10:02:40.659Z] > command requires scopes: ["email","openid","https://www.googleapis.com/auth/cloudplatformprojects.readonly","https://www.googleapis.com/auth/firebase","https://www.googleapis.com/auth/cloud-platform"]
[debug] [2024-07-10T10:02:40.660Z] > authorizing via signed-in user (melihcanozturk@zake.com.tr)
[debug] [2024-07-10T10:02:40.661Z] [iam] checking project datarapor-f629a for permissions ["firebase.projects.get","firebasehosting.sites.update"]
[debug] [2024-07-10T10:02:40.666Z] >>> [apiv2][query] POST https://cloudresourcemanager.googleapis.com/v1/projects/datarapor-f629a:testIamPermissions [none]
[debug] [2024-07-10T10:02:40.666Z] >>> [apiv2][(partial)header] POST https://cloudresourcemanager.googleapis.com/v1/projects/datarapor-f629a:testIamPermissions x-goog-quota-user=projects/datarapor-f629a
[debug] [2024-07-10T10:02:40.667Z] >>> [apiv2][body] POST https://cloudresourcemanager.googleapis.com/v1/projects/datarapor-f629a:testIamPermissions {"permissions":["firebase.projects.get","firebasehosting.sites.update"]}
[debug] [2024-07-10T10:02:41.634Z] <<< [apiv2][status] POST https://cloudresourcemanager.googleapis.com/v1/projects/datarapor-f629a:testIamPermissions 401
[debug] [2024-07-10T10:02:41.634Z] <<< [apiv2][body] POST https://cloudresourcemanager.googleapis.com/v1/projects/datarapor-f629a:testIamPermissions {"error":{"code":401,"message":"Request had invalid authentication credentials. Expected OAuth 2 access token, login cookie or other valid authentication credential. See https://developers.google.com/identity/sign-in/web/devconsole-project.","status":"UNAUTHENTICATED","details":[{"@type":"type.googleapis.com/google.rpc.ErrorInfo","reason":"ACCESS_TOKEN_TYPE_UNSUPPORTED","metadata":{"method":"google.cloudresourcemanager.v1.Projects.TestIamPermissions","service":"cloudresourcemanager.googleapis.com"}}]}}
[debug] [2024-07-10T10:02:41.635Z] [iam] error while checking permissions, command may fail: FirebaseError: HTTP Error: 401, Request had invalid authentication credentials. Expected OAuth 2 access token, login cookie or other valid authentication credential. See https://developers.google.com/identity/sign-in/web/devconsole-project.
[debug] [2024-07-10T10:02:41.636Z] >>> [apiv2][query] GET https://firebase.googleapis.com/v1beta1/projects/datarapor-f629a [none]
[debug] [2024-07-10T10:02:41.834Z] <<< [apiv2][status] GET https://firebase.googleapis.com/v1beta1/projects/datarapor-f629a 401
[debug] [2024-07-10T10:02:41.834Z] <<< [apiv2][body] GET https://firebase.googleapis.com/v1beta1/projects/datarapor-f629a {"error":{"code":401,"message":"Request had invalid authentication credentials. Expected OAuth 2 access token, login cookie or other valid authentication credential. See https://developers.google.com/identity/sign-in/web/devconsole-project.","status":"UNAUTHENTICATED"}}
[debug] [2024-07-10T10:02:41.835Z] HTTP Error: 401, Request had invalid authentication credentials. Expected OAuth 2 access token, login cookie or other valid authentication credential. See https://developers.google.com/identity/sign-in/web/devconsole-project.
[error] 
[error] Error: Assertion failed: resolving hosting target of a site with no site name or target name. This should have caused an error earlier
[debug] [2024-07-10T10:05:03.758Z] ----------------------------------------------------------------------
[debug] [2024-07-10T10:05:03.764Z] Command:       C:\Program Files\nodejs\node.exe C:\Users\MELIH\AppData\Roaming\npm\node_modules\firebase-tools\lib\bin\firebase.js deploy
[debug] [2024-07-10T10:05:03.765Z] CLI Version:   13.13.1
[debug] [2024-07-10T10:05:03.765Z] Platform:      win32
[debug] [2024-07-10T10:05:03.765Z] Node Version:  v20.15.0
[debug] [2024-07-10T10:05:03.765Z] Time:          Wed Jul 10 2024 13:05:03 GMT+0300 (GMT+03:00)
[debug] [2024-07-10T10:05:03.766Z] ----------------------------------------------------------------------
[debug] 
[debug] [2024-07-10T10:05:03.944Z] > command requires scopes: ["email","openid","https://www.googleapis.com/auth/cloudplatformprojects.readonly","https://www.googleapis.com/auth/firebase","https://www.googleapis.com/auth/cloud-platform"]
[debug] [2024-07-10T10:05:03.946Z] > authorizing via signed-in user (melihcanozturk@zake.com.tr)
[debug] [2024-07-10T10:05:03.947Z] [iam] checking project datarapor-f629a for permissions ["firebase.projects.get","firebasehosting.sites.update"]
[debug] [2024-07-10T10:05:03.951Z] >>> [apiv2][query] POST https://cloudresourcemanager.googleapis.com/v1/projects/datarapor-f629a:testIamPermissions [none]
[debug] [2024-07-10T10:05:03.951Z] >>> [apiv2][(partial)header] POST https://cloudresourcemanager.googleapis.com/v1/projects/datarapor-f629a:testIamPermissions x-goog-quota-user=projects/datarapor-f629a
[debug] [2024-07-10T10:05:03.952Z] >>> [apiv2][body] POST https://cloudresourcemanager.googleapis.com/v1/projects/datarapor-f629a:testIamPermissions {"permissions":["firebase.projects.get","firebasehosting.sites.update"]}
[debug] [2024-07-10T10:05:05.085Z] <<< [apiv2][status] POST https://cloudresourcemanager.googleapis.com/v1/projects/datarapor-f629a:testIamPermissions 401
[debug] [2024-07-10T10:05:05.086Z] <<< [apiv2][body] POST https://cloudresourcemanager.googleapis.com/v1/projects/datarapor-f629a:testIamPermissions {"error":{"code":401,"message":"Request had invalid authentication credentials. Expected OAuth 2 access token, login cookie or other valid authentication credential. See https://developers.google.com/identity/sign-in/web/devconsole-project.","status":"UNAUTHENTICATED","details":[{"@type":"type.googleapis.com/google.rpc.ErrorInfo","reason":"ACCESS_TOKEN_TYPE_UNSUPPORTED","metadata":{"service":"cloudresourcemanager.googleapis.com","method":"google.cloudresourcemanager.v1.Projects.TestIamPermissions"}}]}}
[debug] [2024-07-10T10:05:05.087Z] [iam] error while checking permissions, command may fail: FirebaseError: HTTP Error: 401, Request had invalid authentication credentials. Expected OAuth 2 access token, login cookie or other valid authentication credential. See https://developers.google.com/identity/sign-in/web/devconsole-project.
[debug] [2024-07-10T10:05:05.088Z] >>> [apiv2][query] GET https://firebase.googleapis.com/v1beta1/projects/datarapor-f629a [none]
[debug] [2024-07-10T10:05:05.282Z] <<< [apiv2][status] GET https://firebase.googleapis.com/v1beta1/projects/datarapor-f629a 401
[debug] [2024-07-10T10:05:05.283Z] <<< [apiv2][body] GET https://firebase.googleapis.com/v1beta1/projects/datarapor-f629a {"error":{"code":401,"message":"Request had invalid authentication credentials. Expected OAuth 2 access token, login cookie or other valid authentication credential. See https://developers.google.com/identity/sign-in/web/devconsole-project.","status":"UNAUTHENTICATED"}}
[debug] [2024-07-10T10:05:05.283Z] HTTP Error: 401, Request had invalid authentication credentials. Expected OAuth 2 access token, login cookie or other valid authentication credential. See https://developers.google.com/identity/sign-in/web/devconsole-project.
[error] 
[error] Error: Assertion failed: resolving hosting target of a site with no site name or target name. This should have caused an error earlier
